2023-08-04 13:46:22,988 [Worker-0: Loading available Gradle versions] INFO  o.e.b.c.i.u.g.PublishedGradleVersions - Gradle version information cache is up-to-date. Trying to read.
2023-08-04 13:49:01,055 [JGit-FileStoreAttributeWriter-2] ERROR org.eclipse.jgit.util.FS - Cannot save config file 'FileBasedConfig[Z:\.config\jgit\config]'
java.io.IOException: Creating directories for Z:\.config\jgit failed
	at org.eclipse.jgit.util.FileUtils.mkdirs(FileUtils.java:413)
	at org.eclipse.jgit.internal.storage.file.LockFile.lock(LockFile.java:140)
	at org.eclipse.jgit.storage.file.FileBasedConfig.save(FileBasedConfig.java:184)
	at org.eclipse.jgit.util.FS$FileStoreAttributes.saveToConfig(FS.java:766)
	at org.eclipse.jgit.util.FS$FileStoreAttributes.lambda$5(FS.java:448)
	at java.base/java.util.concurrent.ThreadPoolExecutor.runWorker(ThreadPoolExecutor.java:1136)
	at java.base/java.util.concurrent.ThreadPoolExecutor$Worker.run(ThreadPoolExecutor.java:635)
	at java.base/java.lang.Thread.run(Thread.java:833)
2023-08-04 14:48:56,964 [Worker-0: Loading available Gradle versions] INFO  o.e.b.c.i.u.g.PublishedGradleVersions - Gradle version information cache is out-of-date. Trying to update.
2023-08-04 14:49:01,531 [JGit-FileStoreAttributeWriter-2] ERROR org.eclipse.jgit.util.FS - Cannot save config file 'FileBasedConfig[Z:\.config\jgit\config]'
java.io.IOException: Creating directories for Z:\.config\jgit failed
	at org.eclipse.jgit.util.FileUtils.mkdirs(FileUtils.java:413)
	at org.eclipse.jgit.internal.storage.file.LockFile.lock(LockFile.java:140)
	at org.eclipse.jgit.storage.file.FileBasedConfig.save(FileBasedConfig.java:184)
	at org.eclipse.jgit.util.FS$FileStoreAttributes.saveToConfig(FS.java:766)
	at org.eclipse.jgit.util.FS$FileStoreAttributes.lambda$5(FS.java:448)
	at java.base/java.util.concurrent.ThreadPoolExecutor.runWorker(ThreadPoolExecutor.java:1136)
	at java.base/java.util.concurrent.ThreadPoolExecutor$Worker.run(ThreadPoolExecutor.java:635)
	at java.base/java.lang.Thread.run(Thread.java:833)
2023-08-04 16:51:43,427 [Worker-2: Loading available Gradle versions] INFO  o.e.b.c.i.u.g.PublishedGradleVersions - Gradle version information cache is up-to-date. Trying to read.
2023-08-04 16:51:47,745 [JGit-FileStoreAttributeReader-1] ERROR org.eclipse.jgit.util.FS - C:\Users\lucas.psouza27\Documents\Workspace\SistemaOSGIt\ConsoleX\.git\.probe-901dd5a6-80b1-4bd9-b3e5-f943b0902dc9 (O arquivo já está sendo usado por outro processo)
java.io.FileNotFoundException: C:\Users\lucas.psouza27\Documents\Workspace\SistemaOSGIt\ConsoleX\.git\.probe-901dd5a6-80b1-4bd9-b3e5-f943b0902dc9 (O arquivo já está sendo usado por outro processo)
	at java.base/java.io.FileInputStream.open0(Native Method)
	at java.base/java.io.FileInputStream.open(FileInputStream.java:216)
	at java.base/java.io.FileInputStream.<init>(FileInputStream.java:157)
	at org.eclipse.jgit.util.io.SilentFileInputStream.<init>(SilentFileInputStream.java:31)
	at org.eclipse.jgit.util.IO.readFully(IO.java:101)
	at org.eclipse.jgit.util.IO.readFully(IO.java:48)
	at org.eclipse.jgit.util.FS$FileStoreAttributes.read(FS.java:552)
	at org.eclipse.jgit.util.FS$FileStoreAttributes.measureMinimalRacyInterval(FS.java:503)
	at org.eclipse.jgit.util.FS$FileStoreAttributes.lambda$3(FS.java:440)
	at java.base/java.util.concurrent.CompletableFuture$AsyncSupply.run(CompletableFuture.java:1768)
	at java.base/java.util.concurrent.ThreadPoolExecutor.runWorker(ThreadPoolExecutor.java:1136)
	at java.base/java.util.concurrent.ThreadPoolExecutor$Worker.run(ThreadPoolExecutor.java:635)
	at java.base/java.lang.Thread.run(Thread.java:833)
2023-08-04 16:51:47,745 [JGit-FileStoreAttributeReader-1] ERROR org.eclipse.jgit.util.FS - java.util.concurrent.RejectedExecutionException: Task org.eclipse.jgit.util.FS$FileStoreAttributes$$Lambda$933/0x0000000100c02640@27755a21 rejected from java.util.concurrent.ThreadPoolExecutor@616f7231[Terminated, pool size = 0, active threads = 0, queued tasks = 0, completed tasks = 0]
java.util.concurrent.CompletionException: java.util.concurrent.RejectedExecutionException: Task org.eclipse.jgit.util.FS$FileStoreAttributes$$Lambda$933/0x0000000100c02640@27755a21 rejected from java.util.concurrent.ThreadPoolExecutor@616f7231[Terminated, pool size = 0, active threads = 0, queued tasks = 0, completed tasks = 0]
	at java.base/java.util.concurrent.CompletableFuture.encodeThrowable(CompletableFuture.java:315)
	at java.base/java.util.concurrent.CompletableFuture.completeThrowable(CompletableFuture.java:320)
	at java.base/java.util.concurrent.CompletableFuture$AsyncSupply.run(CompletableFuture.java:1770)
	at java.base/java.util.concurrent.ThreadPoolExecutor.runWorker(ThreadPoolExecutor.java:1136)
	at java.base/java.util.concurrent.ThreadPoolExecutor$Worker.run(ThreadPoolExecutor.java:635)
	at java.base/java.lang.Thread.run(Thread.java:833)
Caused by: java.util.concurrent.RejectedExecutionException: Task org.eclipse.jgit.util.FS$FileStoreAttributes$$Lambda$933/0x0000000100c02640@27755a21 rejected from java.util.concurrent.ThreadPoolExecutor@616f7231[Terminated, pool size = 0, active threads = 0, queued tasks = 0, completed tasks = 0]
	at java.base/java.util.concurrent.ThreadPoolExecutor$AbortPolicy.rejectedExecution(ThreadPoolExecutor.java:2065)
	at java.base/java.util.concurrent.ThreadPoolExecutor.reject(ThreadPoolExecutor.java:833)
	at java.base/java.util.concurrent.ThreadPoolExecutor.execute(ThreadPoolExecutor.java:1365)
	at org.eclipse.jgit.util.FS$FileStoreAttributes.lambda$3(FS.java:447)
	at java.base/java.util.concurrent.CompletableFuture$AsyncSupply.run(CompletableFuture.java:1768)
	... 3 common frames omitted
